<?xml version="1.0" encoding="UTF-8"?>
<!-- Generated by org.testng.reporters.JUnitReportReporter -->
<testsuite hostname="Neetu-PC" failures="0" tests="1" name="randomPackage.RandomClass" time="0.050" errors="0" timestamp="2022-11-06T22:50:58 IST" skipped="0">
  <testcase classname="randomPackage.RandomClass" name="m1" time="0.050"/>
  <system-out/>
</testsuite> <!-- randomPackage.RandomClass -->
