<?xml version="1.0" encoding="UTF-8"?>
<!-- Generated by org.testng.reporters.JUnitReportReporter -->
<testsuite hostname="Neetu-PC" failures="0" tests="2" name="testCases.Test_Case013" time="13.628" errors="0" timestamp="2022-12-11T20:19:19 IST" skipped="0">
  <testcase classname="testCases.Test_Case013" name="check_total" time="8.096"/>
  <system-out/>
  <testcase classname="testCases.Test_Case013" name="check_total" time="5.532"/>
  <system-out/>
</testsuite> <!-- testCases.Test_Case013 -->
