<?xml version="1.0" encoding="UTF-8"?>
<!-- Generated by org.testng.reporters.JUnitReportReporter -->
<testsuite hostname="Neetu-PC" failures="0" tests="2" name="testCases.Test_Case017" time="8.315" errors="0" timestamp="2022-12-11T20:13:03 IST" skipped="0">
  <testcase classname="testCases.Test_Case017" name="add_to_wishlist" time="5.206"/>
  <system-out/>
  <testcase classname="testCases.Test_Case017" name="add_to_wishlist" time="3.109"/>
  <system-out/>
</testsuite> <!-- testCases.Test_Case017 -->
