<?xml version="1.0" encoding="UTF-8"?>
<!-- Generated by org.testng.reporters.JUnitReportReporter -->
<testsuite hostname="Neetu-PC" failures="0" tests="1" name="testCases.Test_Case008" time="5.296" errors="0" timestamp="2022-11-22T00:41:28 IST" skipped="0">
  <testcase classname="testCases.Test_Case008" name="test8" time="5.296"/>
  <system-out/>
</testsuite> <!-- testCases.Test_Case008 -->
