<?xml version="1.0" encoding="UTF-8"?>
<!-- Generated by org.testng.reporters.JUnitReportReporter -->
<testsuite hostname="Neetu-PC" failures="0" tests="3" name="testCases.Test_Case013" time="16.389" errors="0" timestamp="2022-11-22T00:41:29 IST" skipped="0">
  <testcase classname="testCases.Test_Case013" name="preSteps" time="2.835"/>
  <system-out/>
  <testcase classname="testCases.Test_Case013" name="check_total" time="5.615"/>
  <system-out/>
  <testcase classname="testCases.Test_Case013" name="check_total" time="7.939"/>
  <system-out/>
</testsuite> <!-- testCases.Test_Case013 -->
