<?xml version="1.0" encoding="UTF-8"?>
<!-- Generated by org.testng.reporters.JUnitReportReporter -->
<testsuite hostname="Neetu-PC" failures="0" tests="1" name="randomPackage.RandomClass" time="0.018" errors="0" timestamp="2022-10-25T22:32:23 IST" skipped="0">
  <testcase classname="randomPackage.RandomClass" name="random" time="0.018"/>
  <system-out/>
</testsuite> <!-- randomPackage.RandomClass -->
