<?xml version="1.0" encoding="UTF-8"?>
<!-- Generated by org.testng.reporters.JUnitReportReporter -->
<testsuite hostname="Neetu-PC" failures="0" tests="2" name="testCases.Test_Case016" time="52.704" errors="0" timestamp="2022-12-14T22:50:39 IST" skipped="0">
  <testcase classname="testCases.Test_Case016" name="estimate_shipping_and_tax_test" time="24.714"/>
  <system-out/>
  <testcase classname="testCases.Test_Case016" name="estimate_shipping_and_tax_test" time="27.990"/>
  <system-out/>
</testsuite> <!-- testCases.Test_Case016 -->
