<?xml version="1.0" encoding="UTF-8"?>
<!-- Generated by org.testng.reporters.JUnitReportReporter -->
<testsuite hostname="Neetu-PC" failures="0" tests="3" name="testCases.Test_Case016" time="54.974" errors="0" timestamp="2022-11-22T00:41:29 IST" skipped="0">
  <testcase classname="testCases.Test_Case016" name="preSteps" time="3.795"/>
  <system-out/>
  <testcase classname="testCases.Test_Case016" name="estimate_shipping_and_tax_test" time="25.284"/>
  <system-out/>
  <testcase classname="testCases.Test_Case016" name="estimate_shipping_and_tax_test" time="25.895"/>
  <system-out/>
</testsuite> <!-- testCases.Test_Case016 -->
