<?xml version="1.0" encoding="UTF-8"?>
<!-- Generated by org.testng.reporters.JUnitReportReporter -->
<testsuite hostname="Neetu-PC" failures="0" tests="1" name="testCases.Test_Case019" time="3.290" errors="0" timestamp="2022-12-11T20:13:03 IST" skipped="0">
  <testcase classname="testCases.Test_Case019" name="add_in_stock_items" time="3.290"/>
  <system-out/>
</testsuite> <!-- testCases.Test_Case019 -->
