<?xml version="1.0" encoding="UTF-8"?>
<!-- Generated by org.testng.reporters.JUnitReportReporter -->
<testsuite hostname="Neetu-PC" failures="0" tests="1" name="testCases.Test_Case005" time="6.236" errors="0" timestamp="2022-11-20T20:31:19 IST" skipped="0">
  <testcase classname="testCases.Test_Case005" name="test5" time="6.236"/>
  <system-out/>
</testsuite> <!-- testCases.Test_Case005 -->
