<?xml version="1.0" encoding="UTF-8"?>
<!-- Generated by org.testng.reporters.JUnitReportReporter -->
<testsuite hostname="Neetu-PC" failures="0" tests="1" name="testCases.Test_Case002" time="5.190" errors="0" timestamp="2022-11-20T20:31:19 IST" skipped="0">
  <testcase classname="testCases.Test_Case002" name="test2" time="5.190"/>
  <system-out/>
</testsuite> <!-- testCases.Test_Case002 -->
