<?xml version="1.0" encoding="UTF-8"?>
<!-- Generated by org.testng.reporters.JUnitReportReporter -->
<testsuite hostname="Neetu-PC" failures="0" tests="3" name="testCases.Test_Case003" time="13.883" errors="0" timestamp="2022-11-22T00:41:28 IST" skipped="0">
  <testcase classname="testCases.Test_Case003" name="test3" time="5.436"/>
  <system-out/>
  <testcase classname="testCases.Test_Case003" name="test3" time="4.276"/>
  <system-out/>
  <testcase classname="testCases.Test_Case003" name="test3" time="4.171"/>
  <system-out/>
</testsuite> <!-- testCases.Test_Case003 -->
