<?xml version="1.0" encoding="UTF-8"?>
<!-- Generated by org.testng.reporters.JUnitReportReporter -->
<testsuite hostname="Neetu-PC" failures="0" tests="1" name="testCases.Test_Case005" time="8.682" errors="0" timestamp="2022-11-20T14:22:52 IST" skipped="0">
  <testcase classname="testCases.Test_Case005" name="test5" time="8.682"/>
  <system-out/>
</testsuite> <!-- testCases.Test_Case005 -->
