<?xml version="1.0" encoding="UTF-8"?>
<!-- Generated by org.testng.reporters.JUnitReportReporter -->
<testsuite hostname="Neetu-PC" failures="0" tests="1" name="testCases.Test_Case015" time="6.831" errors="0" timestamp="2022-11-22T00:41:28 IST" skipped="0">
  <testcase classname="testCases.Test_Case015" name="use_coupon_code_test" time="6.831"/>
  <system-out/>
</testsuite> <!-- testCases.Test_Case015 -->
