<?xml version="1.0" encoding="UTF-8"?>
<!-- Generated by org.testng.reporters.JUnitReportReporter -->
<testsuite hostname="Neetu-PC" failures="0" tests="3" name="testCases.Test_Case024" time="48.814" errors="0" timestamp="2022-12-14T23:37:49 IST" skipped="0">
  <testcase classname="testCases.Test_Case024" name="order_confirmation" time="40.960"/>
  <system-out/>
  <testcase classname="testCases.Test_Case024" name="add_to_cart" time="2.718"/>
  <system-out/>
  <testcase classname="testCases.Test_Case024" name="add_to_cart" time="5.136"/>
  <system-out/>
</testsuite> <!-- testCases.Test_Case024 -->
