<?xml version="1.0" encoding="UTF-8"?>
<!-- Generated by org.testng.reporters.JUnitReportReporter -->
<testsuite hostname="Neetu-PC" failures="0" tests="3" name="testCases.Test_Case003" time="14.841" errors="0" timestamp="2022-12-11T20:13:03 IST" skipped="0">
  <testcase classname="testCases.Test_Case003" name="test3" time="5.817"/>
  <system-out/>
  <testcase classname="testCases.Test_Case003" name="test3" time="4.396"/>
  <system-out/>
  <testcase classname="testCases.Test_Case003" name="test3" time="4.628"/>
  <system-out/>
</testsuite> <!-- testCases.Test_Case003 -->
