<?xml version="1.0" encoding="UTF-8"?>
<!-- Generated by org.testng.reporters.JUnitReportReporter -->
<testsuite hostname="Neetu-PC" failures="0" tests="4" name="testCases.Test_Case011" time="29.210" errors="0" timestamp="2022-12-11T20:13:03 IST" skipped="0">
  <testcase classname="testCases.Test_Case011" name="check_sort_by_filter" time="7.211"/>
  <system-out/>
  <testcase classname="testCases.Test_Case011" name="check_sort_by_filter" time="6.886"/>
  <system-out/>
  <testcase classname="testCases.Test_Case011" name="check_sort_by_filter" time="7.375"/>
  <system-out/>
  <testcase classname="testCases.Test_Case011" name="check_sort_by_filter" time="7.738"/>
  <system-out/>
</testsuite> <!-- testCases.Test_Case011 -->
