<?xml version="1.0" encoding="UTF-8"?>
<!-- Generated by org.testng.reporters.JUnitReportReporter -->
<testsuite hostname="Neetu-PC" failures="0" tests="4" name="testCases.Test_Case011" time="28.308" errors="0" timestamp="2022-11-20T20:31:19 IST" skipped="0">
  <testcase classname="testCases.Test_Case011" name="check_sort_by_filter" time="7.021"/>
  <system-out/>
  <testcase classname="testCases.Test_Case011" name="check_sort_by_filter" time="7.003"/>
  <system-out/>
  <testcase classname="testCases.Test_Case011" name="check_sort_by_filter" time="6.860"/>
  <system-out/>
  <testcase classname="testCases.Test_Case011" name="check_sort_by_filter" time="7.424"/>
  <system-out/>
</testsuite> <!-- testCases.Test_Case011 -->
