<?xml version="1.0" encoding="UTF-8"?>
<!-- Generated by org.testng.reporters.JUnitReportReporter -->
<testsuite hostname="Neetu-PC" failures="0" tests="3" name="testCases.Test_Case020" time="11.935" errors="0" timestamp="2022-12-11T20:13:03 IST" skipped="0">
  <testcase classname="testCases.Test_Case020" name="add_to_comparison" time="3.198"/>
  <system-out/>
  <testcase classname="testCases.Test_Case020" name="add_to_comparison" time="5.158"/>
  <system-out/>
  <testcase classname="testCases.Test_Case020" name="max_price_add_to_cart" time="3.579"/>
  <system-out/>
</testsuite> <!-- testCases.Test_Case020 -->
