<?xml version="1.0" encoding="UTF-8"?>
<!-- Generated by org.testng.reporters.JUnitReportReporter -->
<testsuite hostname="Neetu-PC" failures="0" tests="1" name="testCases.Test_Case008" time="3.867" errors="0" timestamp="2022-10-30T14:14:04 IST" skipped="0">
  <testcase classname="testCases.Test_Case008" name="test8" time="3.867"/>
  <system-out/>
</testsuite> <!-- testCases.Test_Case008 -->
