<?xml version="1.0" encoding="UTF-8"?>
<!-- Generated by org.testng.reporters.JUnitReportReporter -->
<testsuite hostname="Neetu-PC" failures="0" tests="3" name="testCases.Test_Case026" time="26.415" errors="0" timestamp="2022-12-14T22:50:39 IST" skipped="0">
  <testcase classname="testCases.Test_Case026" name="add_to_cart" time="5.022"/>
  <system-out/>
  <testcase classname="testCases.Test_Case026" name="add_to_cart" time="2.614"/>
  <system-out/>
  <testcase classname="testCases.Test_Case026" name="order_confirmation" time="18.779"/>
  <system-out/>
</testsuite> <!-- testCases.Test_Case026 -->
