<?xml version="1.0" encoding="UTF-8"?>
<!-- Generated by org.testng.reporters.JUnitReportReporter -->
<testsuite hostname="Neetu-PC" failures="0" tests="4" name="testCases.Test_Case011" time="30.648" errors="0" timestamp="2022-12-14T22:50:39 IST" skipped="0">
  <testcase classname="testCases.Test_Case011" name="check_sort_by_filter" time="7.686"/>
  <system-out/>
  <testcase classname="testCases.Test_Case011" name="check_sort_by_filter" time="7.851"/>
  <system-out/>
  <testcase classname="testCases.Test_Case011" name="check_sort_by_filter" time="7.469"/>
  <system-out/>
  <testcase classname="testCases.Test_Case011" name="check_sort_by_filter" time="7.642"/>
  <system-out/>
</testsuite> <!-- testCases.Test_Case011 -->
