<?xml version="1.0" encoding="UTF-8"?>
<!-- Generated by org.testng.reporters.JUnitReportReporter -->
<testsuite hostname="Neetu-PC" failures="0" tests="2" name="testCases.Test_Case017" time="8.332" errors="0" timestamp="2022-12-14T22:50:39 IST" skipped="0">
  <testcase classname="testCases.Test_Case017" name="add_to_wishlist" time="5.397"/>
  <system-out/>
  <testcase classname="testCases.Test_Case017" name="add_to_wishlist" time="2.935"/>
  <system-out/>
</testsuite> <!-- testCases.Test_Case017 -->
