<?xml version="1.0" encoding="UTF-8"?>
<!-- Generated by org.testng.reporters.JUnitReportReporter -->
<testsuite hostname="Neetu-PC" failures="0" tests="3" name="testCases.Test_Case021" time="21.624" errors="0" timestamp="2022-12-14T22:50:39 IST" skipped="0">
  <testcase classname="testCases.Test_Case021" name="add_to_comparison" time="2.993"/>
  <system-out/>
  <testcase classname="testCases.Test_Case021" name="add_to_comparison" time="5.247"/>
  <system-out/>
  <testcase classname="testCases.Test_Case021" name="remove_out_of_stock" time="13.384"/>
  <system-out/>
</testsuite> <!-- testCases.Test_Case021 -->
