<?xml version="1.0" encoding="UTF-8"?>
<!-- Generated by org.testng.reporters.JUnitReportReporter -->
<testsuite hostname="Neetu-PC" failures="0" tests="2" name="testCases.Test_Case016" time="54.168" errors="0" timestamp="2022-12-11T20:13:03 IST" skipped="0">
  <testcase classname="testCases.Test_Case016" name="estimate_shipping_and_tax_test" time="26.999"/>
  <system-out/>
  <testcase classname="testCases.Test_Case016" name="estimate_shipping_and_tax_test" time="27.169"/>
  <system-out/>
</testsuite> <!-- testCases.Test_Case016 -->
