<?xml version="1.0" encoding="UTF-8"?>
<!-- Generated by org.testng.reporters.JUnitReportReporter -->
<testsuite hostname="Neetu-PC" failures="0" tests="2" name="testCases.Test_Case012" time="9.631" errors="0" timestamp="2022-11-22T00:41:28 IST" skipped="0">
  <testcase classname="testCases.Test_Case012" name="check_sort_by_filter" time="4.588"/>
  <system-out/>
  <testcase classname="testCases.Test_Case012" name="check_sort_by_filter" time="5.043"/>
  <system-out/>
</testsuite> <!-- testCases.Test_Case012 -->
