<?xml version="1.0" encoding="UTF-8"?>
<!-- Generated by org.testng.reporters.JUnitReportReporter -->
<testsuite hostname="Neetu-PC" failures="0" tests="3" name="testCases.Test_Case010" time="13.578" errors="0" timestamp="2022-11-20T20:31:19 IST" skipped="0">
  <testcase classname="testCases.Test_Case010" name="currency_dropdown" time="4.932"/>
  <system-out/>
  <testcase classname="testCases.Test_Case010" name="currency_dropdown" time="4.393"/>
  <system-out/>
  <testcase classname="testCases.Test_Case010" name="currency_dropdown" time="4.253"/>
  <system-out/>
</testsuite> <!-- testCases.Test_Case010 -->
