<?xml version="1.0" encoding="UTF-8"?>
<!-- Generated by org.testng.reporters.JUnitReportReporter -->
<testsuite hostname="Neetu-PC" failures="0" tests="1" name="testCases.Test_Case005" time="6.054" errors="0" timestamp="2022-11-22T00:41:29 IST" skipped="0">
  <testcase classname="testCases.Test_Case005" name="test5" time="6.054"/>
  <system-out/>
</testsuite> <!-- testCases.Test_Case005 -->
