<?xml version="1.0" encoding="UTF-8"?>
<!-- Generated by org.testng.reporters.JUnitReportReporter -->
<testsuite hostname="Neetu-PC" failures="0" tests="3" name="testCases.Test_Case003" time="15.205" errors="0" timestamp="2022-12-14T22:50:39 IST" skipped="0">
  <testcase classname="testCases.Test_Case003" name="test3" time="4.682"/>
  <system-out/>
  <testcase classname="testCases.Test_Case003" name="test3" time="4.695"/>
  <system-out/>
  <testcase classname="testCases.Test_Case003" name="test3" time="5.828"/>
  <system-out/>
</testsuite> <!-- testCases.Test_Case003 -->
