<?xml version="1.0" encoding="UTF-8"?>
<!-- Generated by org.testng.reporters.JUnitReportReporter -->
<testsuite hostname="Neetu-PC" failures="0" tests="1" name="testCases.Test_Case014" time="11.034" errors="0" timestamp="2022-11-21T21:15:43 IST" skipped="0">
  <testcase classname="testCases.Test_Case014" name="check_total" time="11.034"/>
  <system-out/>
</testsuite> <!-- testCases.Test_Case014 -->
