<?xml version="1.0" encoding="UTF-8"?>
<!-- Generated by org.testng.reporters.JUnitReportReporter -->
<testsuite hostname="Neetu-PC" failures="0" tests="1" name="testCases.Test_Case004" time="5.562" errors="0" timestamp="2022-12-14T22:50:39 IST" skipped="0">
  <testcase classname="testCases.Test_Case004" name="test4" time="5.562"/>
  <system-out/>
</testsuite> <!-- testCases.Test_Case004 -->
