<?xml version="1.0" encoding="UTF-8"?>
<!-- Generated by org.testng.reporters.JUnitReportReporter -->
<testsuite hostname="Neetu-PC" failures="0" tests="3" name="testCases.Test_Case003" time="10.204" errors="0" timestamp="2022-10-30T14:14:04 IST" skipped="0">
  <testcase classname="testCases.Test_Case003" name="test3" time="3.840"/>
  <system-out/>
  <testcase classname="testCases.Test_Case003" name="test3" time="3.236"/>
  <system-out/>
  <testcase classname="testCases.Test_Case003" name="test3" time="3.128"/>
  <system-out/>
</testsuite> <!-- testCases.Test_Case003 -->
