<?xml version="1.0" encoding="UTF-8"?>
<!-- Generated by org.testng.reporters.JUnitReportReporter -->
<testsuite hostname="Neetu-PC" failures="0" tests="3" name="testCases.Test_Case010" time="22.377" errors="0" timestamp="2022-11-20T14:22:52 IST" skipped="0">
  <testcase classname="testCases.Test_Case010" name="currency_dropdown" time="7.059"/>
  <system-out/>
  <testcase classname="testCases.Test_Case010" name="currency_dropdown" time="8.639"/>
  <system-out/>
  <testcase classname="testCases.Test_Case010" name="currency_dropdown" time="6.679"/>
  <system-out/>
</testsuite> <!-- testCases.Test_Case010 -->
