<?xml version="1.0" encoding="UTF-8"?>
<!-- Generated by org.testng.reporters.JUnitReportReporter -->
<testsuite hostname="Neetu-PC" failures="0" tests="3" name="testCases.Test_Case010" time="13.946" errors="0" timestamp="2022-12-11T20:13:03 IST" skipped="0">
  <testcase classname="testCases.Test_Case010" name="currency_dropdown" time="4.979"/>
  <system-out/>
  <testcase classname="testCases.Test_Case010" name="currency_dropdown" time="4.404"/>
  <system-out/>
  <testcase classname="testCases.Test_Case010" name="currency_dropdown" time="4.563"/>
  <system-out/>
</testsuite> <!-- testCases.Test_Case010 -->
