<?xml version="1.0" encoding="UTF-8"?>
<!-- Generated by org.testng.reporters.JUnitReportReporter -->
<testsuite hostname="Neetu-PC" failures="0" tests="3" name="testCases.Test_Case003" time="19.139" errors="0" timestamp="2022-11-20T14:22:52 IST" skipped="0">
  <testcase classname="testCases.Test_Case003" name="test3" time="8.043"/>
  <system-out/>
  <testcase classname="testCases.Test_Case003" name="test3" time="5.608"/>
  <system-out/>
  <testcase classname="testCases.Test_Case003" name="test3" time="5.488"/>
  <system-out/>
</testsuite> <!-- testCases.Test_Case003 -->
