<?xml version="1.0" encoding="UTF-8"?>
<!-- Generated by org.testng.reporters.JUnitReportReporter -->
<testsuite hostname="Neetu-PC" failures="0" tests="4" name="testCases.Test_Case011" time="26.423" errors="0" timestamp="2022-11-22T00:41:29 IST" skipped="0">
  <testcase classname="testCases.Test_Case011" name="check_sort_by_filter" time="6.481"/>
  <system-out/>
  <testcase classname="testCases.Test_Case011" name="check_sort_by_filter" time="6.562"/>
  <system-out/>
  <testcase classname="testCases.Test_Case011" name="check_sort_by_filter" time="6.484"/>
  <system-out/>
  <testcase classname="testCases.Test_Case011" name="check_sort_by_filter" time="6.896"/>
  <system-out/>
</testsuite> <!-- testCases.Test_Case011 -->
