<?xml version="1.0" encoding="UTF-8"?>
<!-- Generated by org.testng.reporters.JUnitReportReporter -->
<testsuite hostname="Neetu-PC" failures="0" tests="2" name="testCases.Test_Case011" time="21.671" errors="0" timestamp="2022-11-20T14:22:52 IST" skipped="0">
  <testcase classname="testCases.Test_Case011" name="check_sort_by_filter" time="11.127"/>
  <system-out/>
  <testcase classname="testCases.Test_Case011" name="check_sort_by_filter" time="10.544"/>
  <system-out/>
</testsuite> <!-- testCases.Test_Case011 -->
