<?xml version="1.0" encoding="UTF-8"?>
<!-- Generated by org.testng.reporters.JUnitReportReporter -->
<testsuite hostname="Neetu-PC" failures="0" tests="1" name="testCases.Test_Case002" time="4.937" errors="0" timestamp="2022-11-22T00:41:28 IST" skipped="0">
  <testcase classname="testCases.Test_Case002" name="test2" time="4.937"/>
  <system-out/>
</testsuite> <!-- testCases.Test_Case002 -->
