<?xml version="1.0" encoding="UTF-8"?>
<!-- Generated by org.testng.reporters.JUnitReportReporter -->
<testsuite hostname="Neetu-PC" failures="0" tests="3" name="testCases.Test_Case022" time="12.552" errors="0" timestamp="2022-12-14T22:50:39 IST" skipped="0">
  <testcase classname="testCases.Test_Case022" name="add_to_comparison" time="3.061"/>
  <system-out/>
  <testcase classname="testCases.Test_Case022" name="product_details_view" time="4.239"/>
  <system-out/>
  <testcase classname="testCases.Test_Case022" name="add_to_comparison" time="5.252"/>
  <system-out/>
</testsuite> <!-- testCases.Test_Case022 -->
