<?xml version="1.0" encoding="UTF-8"?>
<!-- Generated by org.testng.reporters.JUnitReportReporter -->
<testsuite hostname="Neetu-PC" failures="0" tests="1" name="testCases.Test_Case016" time="26.807" errors="0" timestamp="2022-11-21T22:38:22 IST" skipped="0">
  <testcase classname="testCases.Test_Case016" name="estimate_shipping_and_tax_test" time="26.807"/>
  <system-out/>
</testsuite> <!-- testCases.Test_Case016 -->
