<?xml version="1.0" encoding="UTF-8"?>
<!-- Generated by org.testng.reporters.JUnitReportReporter -->
<testsuite hostname="Neetu-PC" failures="0" tests="3" name="testCases.Test_Case010" time="12.870" errors="0" timestamp="2022-11-22T00:41:28 IST" skipped="0">
  <testcase classname="testCases.Test_Case010" name="currency_dropdown" time="4.165"/>
  <system-out/>
  <testcase classname="testCases.Test_Case010" name="currency_dropdown" time="4.652"/>
  <system-out/>
  <testcase classname="testCases.Test_Case010" name="currency_dropdown" time="4.053"/>
  <system-out/>
</testsuite> <!-- testCases.Test_Case010 -->
