<?xml version="1.0" encoding="UTF-8"?>
<!-- Generated by org.testng.reporters.JUnitReportReporter -->
<testsuite hostname="Neetu-PC" failures="0" tests="2" name="testCases.Test_Case013" time="20.071" errors="0" timestamp="2022-11-21T18:08:31 IST" skipped="0">
  <testcase classname="testCases.Test_Case013" name="check_total" time="8.675"/>
  <system-out/>
  <testcase classname="testCases.Test_Case013" name="check_total" time="11.396"/>
  <system-out/>
</testsuite> <!-- testCases.Test_Case013 -->
